#
# A fatal error has been detected by the Java Runtime Environment:
#
#  Internal Error (os_windows_x86.cpp:114), pid=10260, tid=7276
#  Error: guarantee(result == -1,"Unexpected result from topLevelExceptionFilter")
#
# JRE version: 6.0_17-b04
# Java VM: Java HotSpot(TM) 64-Bit Server VM (14.3-b01 mixed mode windows-amd64 )
# If you would like to submit a bug report, please visit:
#   http://java.sun.com/webapps/bugreport/crash.jsp
# The crash happened outside the Java Virtual Machine in native code.
# See problematic frame for where to report the bug.
#

---------------  T H R E A D  ---------------

Current thread (0x0000000006f47800):  JavaThread "main" [_thread_in_native, id=7276, stack(0x0000000000070000,0x0000000004070000)]

Stack: [0x0000000000070000,0x0000000004070000]
[error occurred during error reporting (printing stack bounds), id 0xc0000005]

Java frames: (J=compiled Java code, j=interpreted, Vv=VM code)
j  com.mathworks.jmi.NativeMatlab.ProcessPendingEvents()Z+0
j  com.mathworks.jmi.NativeMatlab.processPendingEvents()Z+8
j  com.mathworks.jmi.Matlab$ProcessPendingEvents.callBooleanMethod(Ljava/lang/Object;)Z+0
j  com.mathworks.util.FactoryUtils.processPendingEvents()Z+12
j  com.mathworks.widgets.desk.Desktop.canClose()Z+38
j  com.mathworks.mde.desk.MLDesktop.canClose()Z+113
j  com.mathworks.mde.desk.MLDesktop$2.call()Ljava/lang/Boolean;+4
j  com.mathworks.mde.desk.MLDesktop$2.call()Ljava/lang/Object;+1
j  com.mathworks.jmi.Matlab.isOkToExit()Z+54
v  ~StubRoutines::call_stub
j  com.mathworks.jmi.NativeMatlab.SendMatlabMessage(Ljava/lang/Object;)Ljava/lang/Object;+0
j  com.mathworks.jmi.NativeMatlab.sendMatlabMessage(Ljava/lang/Object;)Ljava/lang/Object;+22
j  com.mathworks.jmi.MatlabLooper.sendMatlabMessage(Lcom/mathworks/services/message/MWMessage;)Ljava/lang/Object;+20
j  com.mathworks.jmi.Matlab.mtFevalConsoleOutput(Ljava/lang/String;[Ljava/lang/Object;I)Ljava/lang/Object;+58
j  com.mathworks.mde.desk.MLDesktop$9.run()V+14
j  com.mathworks.jmi.NativeMatlab.dispatchMTRequests(Z)V+57
v  ~StubRoutines::call_stub

---------------  P R O C E S S  ---------------

Java Threads: ( => current thread )
  0x000000004ec3d000 JavaThread "Image Fetcher 3" daemon [_thread_blocked, id=12988, stack(0x000000002e7d0000,0x000000002e850000)]
  0x000000004ec3b800 JavaThread "AddressBar directory emptiness poller" [_thread_blocked, id=4192, stack(0x00000000310c0000,0x0000000031140000)]
  0x000000004ec3a000 JavaThread "Timer queue for AWT thread" daemon [_thread_blocked, id=9768, stack(0x000000002e8a0000,0x000000002e920000)]
  0x000000004ec41000 JavaThread "Code Analyzer updating thread" [_thread_blocked, id=10152, stack(0x00000000189b0000,0x0000000018a30000)]
  0x000000004ec37800 JavaThread "Code Analyzer updating thread" [_thread_blocked, id=12768, stack(0x0000000018920000,0x00000000189a0000)]
  0x000000004ec38800 JavaThread "Code Analyzer updating thread" [_thread_blocked, id=12900, stack(0x0000000015140000,0x00000000151c0000)]
  0x000000004ec37000 JavaThread "Prefs Updater" daemon [_thread_blocked, id=12904, stack(0x0000000011850000,0x00000000118d0000)]
  0x000000004ec36800 JavaThread "Foxtrot Single Worker Thread #1" daemon [_thread_blocked, id=7116, stack(0x0000000009ae0000,0x0000000009b60000)]
  0x000000004ec42800 JavaThread "Explorer NavigationContext request queue" [_thread_blocked, id=8948, stack(0x000000002d6c0000,0x000000002d740000)]
  0x000000004d1b2000 JavaThread "AddressBar directory emptiness poller" [_thread_blocked, id=7148, stack(0x000000002d770000,0x000000002d7f0000)]
  0x000000004d1b3800 JavaThread "Code Analyzer updating thread" [_thread_blocked, id=12172, stack(0x0000000050090000,0x0000000050110000)]
  0x000000004d1b3000 JavaThread "Timer-3" [_thread_blocked, id=10516, stack(0x000000004ff70000,0x000000004fff0000)]
  0x000000004d1b1800 JavaThread "Code Analyzer updating thread" [_thread_blocked, id=8360, stack(0x000000004fc60000,0x000000004fce0000)]
  0x000000004d1b0800 JavaThread "Active Reference Queue Daemon" daemon [_thread_blocked, id=9080, stack(0x000000004fb30000,0x000000004fbb0000)]
  0x000000004d1b0000 JavaThread "Timer-2" daemon [_thread_blocked, id=8884, stack(0x000000004f9d0000,0x000000004fa50000)]
  0x000000004d1af000 JavaThread "Timer-1" daemon [_thread_blocked, id=9688, stack(0x0000000040d80000,0x0000000040e00000)]
  0x000000004d1ab800 JavaThread "TimerQueue" daemon [_thread_blocked, id=10124, stack(0x000000003cb10000,0x000000003cb90000)]
  0x000000004d1ad800 JavaThread "FelixPackageAdmin" daemon [_thread_blocked, id=7900, stack(0x000000004f030000,0x000000004f0b0000)]
  0x000000004d1ad000 JavaThread "FelixStartLevel" daemon [_thread_blocked, id=10432, stack(0x000000004f180000,0x000000004f200000)]
  0x000000004d1ac800 JavaThread "FelixDispatchQueue" daemon [_thread_blocked, id=1356, stack(0x000000004f0b0000,0x000000004f130000)]
  0x000000004d1ab000 JavaThread "AWT-EventQueue-0" [_thread_blocked, id=8552, stack(0x0000000048ec0000,0x0000000048f40000)]
  0x000000004d1aa000 JavaThread "com.google.common.base.internal.Finalizer" daemon [_thread_blocked, id=8120, stack(0x0000000040ce0000,0x0000000040d60000)]
  0x000000004d1a8800 JavaThread "AWT-Windows" daemon [_thread_in_native, id=12764, stack(0x0000000038a30000,0x0000000038ab0000)]
  0x000000004d1a8000 JavaThread "AWT-Shutdown" [_thread_blocked, id=5764, stack(0x0000000014f30000,0x0000000014fb0000)]
  0x000000004d1a7000 JavaThread "Java2D Disposer" daemon [_thread_blocked, id=12712, stack(0x0000000010e80000,0x0000000010f00000)]
  0x000000004d1a6800 JavaThread "Timer-0" [_thread_blocked, id=13080, stack(0x000000002d4c0000,0x000000002d540000)]
  0x000000004d1a6000 JavaThread "EventMgr Dispatcher" daemon [_thread_in_native, id=9680, stack(0x00000000190d0000,0x000000001d0d0000)]
  0x000000004d1a5000 JavaThread "Low Memory Detector" daemon [_thread_blocked, id=8616, stack(0x000000000ff70000,0x000000000fff0000)]
  0x000000004d1ba800 JavaThread "CompilerThread1" daemon [_thread_blocked, id=5972, stack(0x0000000061070000,0x0000000065070000)]
  0x000000004d1b4800 JavaThread "CompilerThread0" daemon [_thread_blocked, id=11496, stack(0x000000005cfc0000,0x0000000060fc0000)]
  0x000000004d1a4800 JavaThread "Attach Listener" daemon [_thread_blocked, id=11644, stack(0x000000001d120000,0x000000001d1a0000)]
  0x000000004d144000 JavaThread "Finalizer" daemon [_thread_blocked, id=9704, stack(0x0000000019040000,0x00000000190c0000)]
  0x000000004d13f800 JavaThread "Reference Handler" daemon [_thread_blocked, id=10732, stack(0x000000000ea10000,0x000000000ea90000)]
=>0x0000000006f47800 JavaThread "main" [_thread_in_native, id=7276, stack(0x0000000000070000,0x0000000004070000)]

Other Threads:
  0x0000000006fcf800 VMThread [stack: 0x00000000581a0000,0x000000005c1a0000] [id=11240]
  0x000000004d1dd800 WatcherThread [stack: 0x00000000650b0000,0x00000000690b0000] [id=10616]

VM state:not at safepoint (normal execution)

VM Mutex/Monitor currently owned by a thread: None

Heap
 PSYoungGen      total 69760K, used 32058K [0x00000000d3f00000, 0x00000000d92b0000, 0x00000000ed400000)
  eden space 55104K, 38% used [0x00000000d3f00000,0x00000000d53add58,0x00000000d74d0000)
  from space 14656K, 74% used [0x00000000d8390000,0x00000000d8e30b98,0x00000000d91e0000)
  to   space 15104K, 0% used [0x00000000d74d0000,0x00000000d74d0000,0x00000000d8390000)
 PSOldGen        total 152768K, used 94963K [0x0000000088000000, 0x0000000091530000, 0x00000000d3f00000)
  object space 152768K, 62% used [0x0000000088000000,0x000000008dcbce90,0x0000000091530000)
 PSPermGen       total 118336K, used 68784K [0x0000000080000000, 0x0000000087390000, 0x0000000088000000)
  object space 118336K, 58% used [0x0000000080000000,0x000000008432c1b0,0x0000000087390000)

Dynamic libraries:
0x000000013f820000 - 0x000000013f852000 	C:\Program Files\MATLAB\R2012a\bin\win64\MATLAB.exe
0x0000000077560000 - 0x0000000077709000 	C:\Windows\SYSTEM32\ntdll.dll
0x0000000077440000 - 0x000000007755f000 	C:\Windows\system32\kernel32.dll
0x000007fefd410000 - 0x000007fefd47c000 	C:\Windows\system32\KERNELBASE.dll
0x0000000074460000 - 0x0000000074554000 	C:\Program Files\MATLAB\R2012a\bin\win64\libut.dll
0x00000000758a0000 - 0x0000000075952000 	C:\Program Files\MATLAB\R2012a\bin\win64\libmwi18n.dll
0x0000000180000000 - 0x000000018000b000 	C:\Program Files\MATLAB\R2012a\bin\win64\libmwresource_core.dll
0x0000000071d90000 - 0x0000000071e63000 	C:\Windows\WinSxS\amd64_microsoft.vc90.crt_1fc8b3b9a1e18e3b_9.0.30729.6161_none_08e61857a83bc251\MSVCP90.dll
0x0000000072c40000 - 0x0000000072ce3000 	C:\Windows\WinSxS\amd64_microsoft.vc90.crt_1fc8b3b9a1e18e3b_9.0.30729.6161_none_08e61857a83bc251\MSVCR90.dll
0x000000007a170000 - 0x000000007a19c000 	C:\Program Files\MATLAB\R2012a\bin\win64\boost_filesystem-vc90-mt-1_44.dll
0x000000007a560000 - 0x000000007a569000 	C:\Program Files\MATLAB\R2012a\bin\win64\boost_system-vc90-mt-1_44.dll
0x000007feff060000 - 0x000007feff13b000 	C:\Windows\system32\ADVAPI32.dll
0x000007fefef90000 - 0x000007feff02f000 	C:\Windows\system32\msvcrt.dll
0x000007feff030000 - 0x000007feff04f000 	C:\Windows\SYSTEM32\sechost.dll
0x000007fefed50000 - 0x000007fefee7d000 	C:\Windows\system32\RPCRT4.dll
0x000000007a010000 - 0x000000007a035000 	C:\Program Files\MATLAB\R2012a\bin\win64\LIBEXPAT.dll
0x0000000073690000 - 0x0000000073881000 	C:\Program Files\MATLAB\R2012a\bin\win64\icuin44.dll
0x0000000073a80000 - 0x0000000073bf1000 	C:\Program Files\MATLAB\R2012a\bin\win64\icuuc44.dll
0x0000000010000000 - 0x0000000010e41000 	C:\Program Files\MATLAB\R2012a\bin\win64\icudt44.dll
0x0000000073f70000 - 0x00000000740ad000 	C:\Program Files\MATLAB\R2012a\bin\win64\libmwfl.dll
0x0000000004260000 - 0x0000000004556000 	C:\Program Files\MATLAB\R2012a\bin\win64\libmwMATLAB_res.dll
0x000000007a3b0000 - 0x000000007a3c0000 	C:\Program Files\MATLAB\R2012a\bin\win64\boost_date_time-vc90-mt-1_44.dll
0x000000007a250000 - 0x000000007a263000 	C:\Program Files\MATLAB\R2012a\bin\win64\boost_signals-vc90-mt-1_44.dll
0x000000007a2d0000 - 0x000000007a2e2000 	C:\Program Files\MATLAB\R2012a\bin\win64\boost_thread-vc90-mt-1_44.dll
0x00000000045a0000 - 0x00000000045e6000 	C:\Program Files\MATLAB\R2012a\bin\win64\tbb.dll
0x000007fefdae0000 - 0x000007fefdaf9000 	C:\Windows\system32\imagehlp.dll
0x0000000077730000 - 0x0000000077737000 	C:\Windows\system32\PSAPI.DLL
0x000000007a1f0000 - 0x000000007a203000 	C:\Program Files\MATLAB\R2012a\bin\win64\icuio44.dll
0x000007fef9960000 - 0x000007fef9a85000 	C:\Windows\system32\dbghelp.dll
0x0000000077340000 - 0x000000007743a000 	C:\Windows\system32\USER32.dll
0x000007fefeb50000 - 0x000007fefebb7000 	C:\Windows\system32\GDI32.dll
0x000007feff050000 - 0x000007feff05e000 	C:\Windows\system32\LPK.dll
0x000007fefd990000 - 0x000007fefda59000 	C:\Windows\system32\USP10.dll
0x000000007bed0000 - 0x000000007c183000 	C:\Program Files\MATLAB\R2012a\bin\win64\libmwservices.dll
0x0000000075a20000 - 0x0000000075ae2000 	C:\Program Files\MATLAB\R2012a\bin\win64\libmx.dll
0x000000007a210000 - 0x000000007a228000 	C:\Program Files\MATLAB\R2012a\bin\win64\zlib1.dll
0x0000000004640000 - 0x0000000004661000 	C:\Program Files\MATLAB\R2012a\bin\win64\libmwmfl_scalar.dll
0x0000000075f10000 - 0x0000000075f5d000 	C:\Program Files\MATLAB\R2012a\bin\win64\mpath.dll
0x000000007b680000 - 0x000000007bbe1000 	C:\Program Files\MATLAB\R2012a\bin\win64\mlutil.dll
0x0000000074790000 - 0x000000007480f000 	C:\Program Files\MATLAB\R2012a\bin\win64\xmlcore.dll
0x000000007bc30000 - 0x000000007be83000 	C:\Program Files\MATLAB\R2012a\bin\win64\xerces-c_2_7.dll
0x000007fefd6d0000 - 0x000007fefd71d000 	C:\Windows\system32\WS2_32.dll
0x000007fefd980000 - 0x000007fefd988000 	C:\Windows\system32\NSI.dll
0x00000000046c0000 - 0x00000000046da000 	C:\Program Files\MATLAB\R2012a\bin\win64\libmwMATLAB_settings_res.dll
0x00000000046f0000 - 0x0000000004737000 	C:\Program Files\MATLAB\R2012a\bin\win64\boost_serialization-vc90-mt-1_44.dll
0x000007fefdce0000 - 0x000007fefea69000 	C:\Windows\system32\SHELL32.dll
0x000007fefea70000 - 0x000007fefeae1000 	C:\Windows\system32\SHLWAPI.dll
0x000007fef8210000 - 0x000007fef82b0000 	C:\Windows\WinSxS\amd64_microsoft.windows.common-controls_6595b64144ccf1df_5.82.7601.18837_none_a4d981ff711297b6\COMCTL32.dll
0x000007feff140000 - 0x000007feff1d7000 	C:\Windows\system32\COMDLG32.dll
0x000007fefa1d0000 - 0x000007fefa1e6000 	C:\Windows\system32\NETAPI32.dll
0x000007fefa1c0000 - 0x000007fefa1cc000 	C:\Windows\system32\netutils.dll
0x000007fefcdd0000 - 0x000007fefcdf3000 	C:\Windows\system32\srvcli.dll
0x000007fefa1a0000 - 0x000007fefa1b5000 	C:\Windows\system32\wkscli.dll
0x000007feff390000 - 0x000007feff593000 	C:\Windows\system32\ole32.dll
0x000007feff2b0000 - 0x000007feff387000 	C:\Windows\system32\OLEAUT32.dll
0x0000000074970000 - 0x0000000074b06000 	C:\Program Files\MATLAB\R2012a\bin\win64\mcr.dll
0x0000000075000000 - 0x000000007536b000 	C:\Program Files\MATLAB\R2012a\bin\win64\iqm.dll
0x0000000004770000 - 0x0000000004f91000 	C:\Program Files\MATLAB\R2012a\bin\win64\m_interpreter.dll
0x0000000079e70000 - 0x0000000079e95000 	C:\Program Files\MATLAB\R2012a\bin\win64\libmex.dll
0x0000000004fc0000 - 0x0000000005073000 	C:\Program Files\MATLAB\R2012a\bin\win64\m_dispatcher.dll
0x0000000074880000 - 0x000000007496d000 	C:\Program Files\MATLAB\R2012a\bin\win64\boost_regex-vc90-mt-1_44.dll
0x00000000746b0000 - 0x0000000074734000 	C:\Program Files\MATLAB\R2012a\bin\win64\profiler.dll
0x00000000050b0000 - 0x0000000005305000 	C:\Program Files\MATLAB\R2012a\bin\win64\libmwmathutil.dll
0x0000000079f40000 - 0x0000000079f6d000 	C:\Program Files\MATLAB\R2012a\bin\win64\libmwmathrng.dll
0x0000000074c10000 - 0x0000000074ced000 	C:\Program Files\MATLAB\R2012a\bin\win64\libmwmathcore.dll
0x0000000076160000 - 0x00000000761cb000 	C:\Program Files\MATLAB\R2012a\bin\win64\libmwspmatrix.dll
0x0000000075ea0000 - 0x0000000075f02000 	C:\Program Files\MATLAB\R2012a\bin\win64\libmwcholmod.dll
0x000000007a460000 - 0x000000007a46d000 	C:\Program Files\MATLAB\R2012a\bin\win64\libmwamd.dll
0x000000007a4b0000 - 0x000000007a4bc000 	C:\Program Files\MATLAB\R2012a\bin\win64\libmwcolamd.dll
0x0000000079da0000 - 0x0000000079db9000 	C:\Program Files\MATLAB\R2012a\bin\win64\libmwblas.dll
0x0000000079fb0000 - 0x0000000079fc2000 	C:\Program Files\MATLAB\R2012a\bin\win64\libmwbinder.dll
0x0000000050000000 - 0x000000005000b000 	C:\Program Files\MATLAB\R2012a\bin\win64\libmwompwrapper.dll
0x0000000074f70000 - 0x0000000074ff6000 	C:\Program Files\MATLAB\R2012a\bin\win64\libmwlapack.dll
0x0000000079b20000 - 0x0000000079b41000 	C:\Program Files\MATLAB\R2012a\bin\win64\m_pcodeio.dll
0x00000000053d0000 - 0x0000000005437000 	C:\Program Files\MATLAB\R2012a\bin\win64\m_ir.dll
0x0000000078210000 - 0x0000000078860000 	C:\Program Files\MATLAB\R2012a\bin\win64\m_parser.dll
0x0000000005460000 - 0x000000000547a000 	C:\Program Files\MATLAB\R2012a\bin\win64\ir_xfmr.dll
0x0000000005490000 - 0x0000000005709000 	C:\Program Files\MATLAB\R2012a\bin\win64\mcos.dll
0x0000000079520000 - 0x000000007952c000 	C:\Program Files\MATLAB\R2012a\bin\win64\mtok.dll
0x0000000079850000 - 0x0000000079881000 	C:\Program Files\MATLAB\R2012a\bin\win64\m_pcodegen.dll
0x0000000005740000 - 0x0000000005777000 	C:\Program Files\MATLAB\R2012a\bin\win64\libmwbridge.dll
0x0000000005790000 - 0x0000000005858000 	C:\Program Files\MATLAB\R2012a\bin\win64\udd.dll
0x0000000072d50000 - 0x0000000072ea2000 	C:\Program Files\MATLAB\R2012a\bin\win64\libmwgui.dll
0x0000000005880000 - 0x0000000005897000 	C:\Program Files\MATLAB\R2012a\bin\win64\graphics_util.dll
0x00000000058b0000 - 0x0000000006253000 	C:\Program Files\MATLAB\R2012a\bin\win64\hg.dll
0x0000000006270000 - 0x00000000062d7000 	C:\Program Files\MATLAB\R2012a\bin\win64\libmat.dll
0x00000000062f0000 - 0x0000000006504000 	C:\Program Files\MATLAB\R2012a\bin\win64\hdf5dll.dll
0x0000000075710000 - 0x00000000757c1000 	C:\Program Files\MATLAB\R2012a\bin\win64\jmi.dll
0x0000000006530000 - 0x000000000653e000 	C:\Program Files\MATLAB\R2012a\bin\win64\nativejava_services.dll
0x0000000006550000 - 0x0000000006592000 	C:\Program Files\MATLAB\R2012a\bin\win64\libmwhardcopy.dll
0x00000000754f0000 - 0x000000007554a000 	C:\Program Files\MATLAB\R2012a\bin\win64\libuij.dll
0x0000000072540000 - 0x000000007274c000 	C:\Program Files\MATLAB\R2012a\bin\win64\hgdatatypes.dll
0x0000000074340000 - 0x000000007443d000 	C:\Program Files\MATLAB\R2012a\bin\win64\hgutils.dll
0x00000000065e0000 - 0x000000000669d000 	C:\Program Files\MATLAB\R2012a\bin\win64\udd_mi.dll
0x00000000066b0000 - 0x00000000066eb000 	C:\Program Files\MATLAB\R2012a\bin\win64\libmwgbtutils.dll
0x0000000006700000 - 0x0000000006719000 	C:\Program Files\MATLAB\R2012a\bin\win64\libmwgbt.dll
0x0000000006730000 - 0x00000000069fa000 	C:\Program Files\MATLAB\R2012a\bin\win64\uiw.dll
0x000000007a2b0000 - 0x000000007a2bf000 	C:\Program Files\MATLAB\R2012a\bin\win64\uinone.dll
0x000007fef9220000 - 0x000007fef9238000 	C:\Windows\system32\MPR.dll
0x0000000077750000 - 0x0000000077c34000 	C:\Windows\WinSxS\amd64_microsoft.vc90.mfc_1fc8b3b9a1e18e3b_9.0.30729.6161_none_044aad0bab1eb146\mfc90.dll
0x000007fef8200000 - 0x000007fef8207000 	C:\Windows\system32\MSIMG32.dll
0x000007fef7a50000 - 0x000007fef7ac1000 	C:\Windows\system32\WINSPOOL.DRV
0x0000000079ba0000 - 0x0000000079bc0000 	C:\Program Files\MATLAB\R2012a\bin\win64\mwoles05.DLL
0x0000000006a30000 - 0x0000000006aac000 	C:\Program Files\MATLAB\R2012a\bin\win64\comcli.dll
0x0000000071d60000 - 0x0000000071d8f000 	C:\Windows\WinSxS\amd64_microsoft.vc90.atl_1fc8b3b9a1e18e3b_9.0.30729.6161_none_0a1fd3a3a768b895\ATL90.DLL
0x0000000006ac0000 - 0x0000000006acc000 	C:\Program Files\MATLAB\R2012a\bin\win64\mlautoregister.dll
0x0000000006ae0000 - 0x0000000006af0000 	C:\Program Files\MATLAB\R2012a\bin\win64\boost_iostreams-vc90-mt-1_44.dll
0x000007fefd150000 - 0x000007fefd1a7000 	C:\Windows\system32\apphelp.dll
0x000007fefada0000 - 0x000007fefadf1000 	C:\Windows\AppPatch\AppPatch64\AcGenral.DLL
0x000007fefd120000 - 0x000007fefd145000 	C:\Windows\system32\SspiCli.dll
0x0000000073500000 - 0x0000000073503000 	C:\Windows\system32\sfc.dll
0x000007fef7200000 - 0x000007fef7210000 	C:\Windows\system32\sfc_os.DLL
0x000007fefd630000 - 0x000007fefd64e000 	C:\Windows\system32\USERENV.dll
0x000007fefd320000 - 0x000007fefd32f000 	C:\Windows\system32\profapi.dll
0x000007fefb470000 - 0x000007fefb488000 	C:\Windows\system32\dwmapi.dll
0x000007feff1e0000 - 0x000007feff20e000 	C:\Windows\system32\IMM32.DLL
0x000007fefee80000 - 0x000007fefef89000 	C:\Windows\system32\MSCTF.dll
0x000007fefba70000 - 0x000007fefbac6000 	C:\Windows\system32\UxTheme.dll
0x000000005ce80000 - 0x000000005ce8d000 	C:\Windows\WinSxS\amd64_microsoft.vc90.mfcloc_1fc8b3b9a1e18e3b_9.0.30729.6161_none_01c9581e60cbee58\MFC90ENU.DLL
0x0000000006da0000 - 0x0000000006dc9000 	C:\Program Files\MATLAB\R2012a\bin\win64\tbbmalloc.dll
0x000007fefa8b0000 - 0x000007fefa8bf000 	C:\Program Files\MATLAB\R2012a\bin\win64\xmlxrcsc.dll
0x000007fefd1b0000 - 0x000007fefd1bf000 	C:\Windows\system32\CRYPTBASE.dll
0x000007fefbc80000 - 0x000007fefbe74000 	C:\Windows\WinSxS\amd64_microsoft.windows.common-controls_6595b64144ccf1df_6.0.7601.18837_none_fa3b1e3d17594757\comctl32.dll
0x000007fefdb00000 - 0x000007fefdcd7000 	C:\Windows\system32\SETUPAPI.dll
0x000007fefd330000 - 0x000007fefd366000 	C:\Windows\system32\CFGMGR32.dll
0x000007fefd690000 - 0x000007fefd6aa000 	C:\Windows\system32\DEVOBJ.dll
0x000007feff210000 - 0x000007feff2a9000 	C:\Windows\system32\CLBCatQ.DLL
0x000007fefbb00000 - 0x000007fefbc2c000 	C:\Windows\system32\propsys.dll

VM Arguments:
jvm_args: -Xss512k -XX:PermSize=32m -Xms64m -XX:NewRatio=3 -XX:MaxPermSize=128m -Xmx1620m -XX:MaxDirectMemorySize=2147400000 -Dsun.java2d.noddraw=true -Dsun.awt.nopixfmt=true -Xshare:off -Xrs -Dsun.awt.disableMixing=true -Djava.library.path=C:\Program Files\MATLAB\R2012a\bin\win64 vfprintf abort 
java_command: <unknown>
Launcher Type: generic

Environment Variables:
CLASSPATH=.;C:\Program Files (x86)\Java\jre7\lib\ext\QTJava.zip
PATH=C:\ProgramData\Oracle\Java\javapath;C:\Program Files (x86)\NVIDIA Corporation\PhysX\Common;c:\Program Files (x86)\Intel\iCLS Client\;c:\Program Files\Intel\iCLS Client\;C:\Windows\system32;C:\Windows;C:\Windows\System32\Wbem;C:\Windows\System32\WindowsPowerShell\v1.0\;C:\Program Files\Intel\Intel(R) Management Engine Components\DAL;C:\Program Files\Intel\Intel(R) Management Engine Components\IPT;C:\Program Files (x86)\Intel\Intel(R) Management Engine Components\DAL;C:\Program Files (x86)\Intel\Intel(R) Management Engine Components\IPT;c:\Program Files (x86)\ATI Technologies\ATI.ACE\Core-Static;C:\Program Files\MATLAB\R2012a\runtime\win64;C:\Program Files\MATLAB\R2012a\bin;C:\Program Files\Intel\WiFi\bin\;C:\Program Files\Common Files\Intel\WirelessCommon\;C:\Program Files (x86)\QuickTime\QTSystem\;C:\Program Files\TortoiseSVN\bin;C:\Anaconda;C:\Anaconda\Scripts;C:\Program Files (x86)\AMD\ATI.ACE\Core-Static;C:\Program Files\Intel\WiFi\bin\;C:\Program Files\Common Files\Intel\WirelessCommon\
USERNAME=joshm
OS=Windows_NT
PROCESSOR_IDENTIFIER=Intel64 Family 6 Model 58 Stepping 9, GenuineIntel



---------------  S Y S T E M  ---------------

OS: Windows 7 Build 7601 Service Pack 1

CPU:total 8 (8 cores per cpu, 2 threads per core) family 6 model 58 stepping 9, cmov, cx8, fxsr, mmx, sse, sse2, sse3, ssse3, sse4.1, sse4.2, ht

Memory: 4k page, physical 33433908k(28113744k free), swap 39300552k(33535708k free)

vm_info: Java HotSpot(TM) 64-Bit Server VM (14.3-b01) for windows-amd64 JRE (1.6.0_17-b04), built on Oct 11 2009 00:46:08 by "java_re" with MS VC++ 8.0

time: Thu Jul 23 17:56:57 2015
elapsed time: 10475 seconds

