#
# An unexpected error has been detected by HotSpot Virtual Machine:
#
#  EXCEPTION_ACCESS_VIOLATION (0xc0000005) at pc=0x6d641e26, pid=5400, tid=6116
#
# Java VM: Java HotSpot(TM) Client VM (1.5.0-b64 mixed mode)
# Problematic frame:
# V  [jvm.dll+0x1e26]
#

---------------  T H R E A D  ---------------

Current thread (0x035eb290):  VMThread [id=6116]

siginfo: ExceptionCode=0xc0000005, reading address 0x00000038

Registers:
EAX=0x00000008, EBX=0x0d6efc40, ECX=0x06c527a8, EDX=0x00000008
ESP=0x0d6efbec, EBP=0x0d6efc20, ESI=0x06c527a8, EDI=0x035d7d90
EIP=0x6d641e26, EFLAGS=0x00010202

Top of Stack: (sp=0x0d6efbec)
0x0d6efbec:   06c52620 6d72ba21 00000008 035d7d90
0x0d6efbfc:   035f2010 00000000 00000001 06e6ffe8
0x0d6efc0c:   06c52620 06c52500 00000000 06c522c0
0x0d6efc1c:   06c527a8 0d6efc4c 6d6b0d6a 06c52080
0x0d6efc2c:   035f22a8 6d6ad379 0d6efc40 035f2010
0x0d6efc3c:   035d9330 035f22a8 035d7d90 06e70000
0x0d6efc4c:   0d6efc9c 6d6adcba 00000001 035f2010
0x0d6efc5c:   00000000 00000001 00000001 00000000 

Instructions: (pc=0x6d641e26)
0x6d641e16:   e8 14 19 06 00 5f 5e c9 c3 8b 54 24 04 56 8b f1
0x6d641e26:   8b 42 30 85 c0 7f 25 7d 1b 83 c9 ff 2b c8 8b 46 


Stack: [0x0d670000,0x0d6f0000),  sp=0x0d6efbec,  free space=510k
Native frames: (J=compiled Java code, j=interpreted, Vv=VM code, C=native code)
V  [jvm.dll+0x1e26]
V  [jvm.dll+0x70d6a]
V  [jvm.dll+0x6dcba]
V  [jvm.dll+0x6d96f]
V  [jvm.dll+0x70f41]
V  [jvm.dll+0xfcfbb]
V  [jvm.dll+0x6c7b0]
V  [jvm.dll+0x5037f]
V  [jvm.dll+0x6c92d]
V  [jvm.dll+0x11768c]
V  [jvm.dll+0x117163]
V  [jvm.dll+0x117303]
V  [jvm.dll+0x117068]
C  [msvcrt.dll+0x2a3b0]
C  [kernel32.dll+0xb683]

VM_Operation (0x00d1d4c8): generation collection for allocation, mode: safepoint, requested by thread 0x003ab3a0


---------------  P R O C E S S  ---------------

Java Threads: ( => current thread )
  0x0dfb8ab8 JavaThread "AWT-EventQueue-0" [_thread_blocked, id=7812]
  0x0dd88d20 JavaThread "Thread-38" [_thread_in_native, id=5916]
  0x0e3b6b00 JavaThread "Timer-5" [_thread_blocked, id=3032]
  0x0e488818 JavaThread "Thread-30" [_thread_blocked, id=6000]
  0x0e45d010 JavaThread "Thread-28" [_thread_blocked, id=4156]
  0x0e39ea80 JavaThread "Thread-26" [_thread_blocked, id=4660]
  0x0e3ec768 JavaThread "Thread-24" [_thread_blocked, id=4424]
  0x0dccbaf0 JavaThread "Thread-22" [_thread_blocked, id=2320]
  0x0dd2e540 JavaThread "Thread-16" [_thread_blocked, id=4244]
  0x0dfefe28 JavaThread "Prefs Updater" [_thread_blocked, id=4060]
  0x0ddf0890 JavaThread "Text-Layout" [_thread_blocked, id=3564]
  0x0dcf7470 JavaThread "Timer-1" daemon [_thread_blocked, id=3908]
  0x0dfe6338 JavaThread "TimerQueue" daemon [_thread_blocked, id=1868]
  0x0df73b00 JavaThread "AWT-Shutdown" [_thread_blocked, id=5424]
  0x0df66130 JavaThread "Java2D Disposer" daemon [_thread_blocked, id=5472]
  0x0df61d30 JavaThread "Timer-0" [_thread_blocked, id=5356]
  0x0df52808 JavaThread "AWT-Windows" daemon [_thread_in_native, id=5208]
  0x036366a0 JavaThread "Low Memory Detector" daemon [_thread_blocked, id=5260]
  0x036353a8 JavaThread "CompilerThread0" daemon [_thread_blocked, id=4652]
  0x036346a0 JavaThread "Signal Dispatcher" daemon [_thread_blocked, id=4444]
  0x0362b770 JavaThread "Finalizer" daemon [_thread_blocked, id=3984]
  0x0362a2e0 JavaThread "Reference Handler" daemon [_thread_blocked, id=1532]
  0x003ab3a0 JavaThread "main" [_thread_blocked, id=2916]

Other Threads:
=>0x035eb290 VMThread [id=6116]
  0x03632938 WatcherThread [id=2780]

VM state:at safepoint (normal execution)

VM Mutex/Monitor currently owned by a thread:  ([mutex/lock_event])
[0x003aaa00/0x0000067c] Threads_lock - owner thread: 0x035eb290
[0x003aab80/0x00000640] Heap_lock - owner thread: 0x003ab3a0

Heap
 def new generation   total 22144K, used 22143K [0x05670000, 0x06e70000, 0x06e70000)
  eden space 19712K, 100% used [0x05670000, 0x069b0000, 0x069b0000)
  from space 2432K,  99% used [0x06c10000, 0x06e6ffe8, 0x06e70000)
  to   space 2432K,   0% used [0x069b0000, 0x069b0000, 0x06c10000)
 tenured generation   total 73728K, used 73727K [0x06e70000, 0x0b670000, 0x0b670000)
   the space 73728K,  99% used [0x06e70000, 0x0b66fff8, 0x0b670000, 0x0b670000)
 compacting perm gen  total 22528K, used 22330K [0x0b670000, 0x0cc70000, 0x0d670000)
   the space 22528K,  99% used [0x0b670000, 0x0cc3ebc8, 0x0cc3ec00, 0x0cc70000)
No shared spaces configured.

Dynamic libraries:
0x00400000 - 0x0051d000 	C:\Program Files\MATLAB\R2006b\bin\win32\MATLAB.exe
0x7c900000 - 0x7c9b0000 	C:\WINDOWS\system32\ntdll.dll
0x7c800000 - 0x7c8f4000 	C:\WINDOWS\system32\kernel32.dll
0x78440000 - 0x784fd000 	C:\Program Files\MATLAB\R2006b\bin\win32\libut.dll
0x78100000 - 0x781aa000 	C:\Program Files\MATLAB\R2006b\bin\win32\icuin32.dll
0x781f0000 - 0x78284000 	C:\Program Files\MATLAB\R2006b\bin\win32\icuuc32.dll
0x77dd0000 - 0x77e6b000 	C:\WINDOWS\system32\ADVAPI32.dll
0x77e70000 - 0x77f01000 	C:\WINDOWS\system32\RPCRT4.dll
0x10000000 - 0x10005000 	C:\Program Files\MATLAB\R2006b\bin\win32\icudt32.dll
0x7c340000 - 0x7c396000 	C:\Program Files\MATLAB\R2006b\bin\win32\MSVCR71.dll
0x781b0000 - 0x781bb000 	C:\Program Files\MATLAB\R2006b\bin\win32\icuio32.dll
0x7c3a0000 - 0x7c41b000 	C:\Program Files\MATLAB\R2006b\bin\win32\MSVCP71.dll
0x76c90000 - 0x76cb8000 	C:\WINDOWS\system32\imagehlp.dll
0x77c10000 - 0x77c68000 	C:\WINDOWS\system32\msvcrt.dll
0x77d40000 - 0x77dd0000 	C:\WINDOWS\system32\USER32.dll
0x77f10000 - 0x77f57000 	C:\WINDOWS\system32\GDI32.dll
0x774e0000 - 0x7761d000 	C:\WINDOWS\system32\ole32.dll
0x77120000 - 0x771ac000 	C:\WINDOWS\system32\OLEAUT32.dll
0x78df0000 - 0x78fff000 	C:\Program Files\MATLAB\R2006b\bin\win32\libmwservices.dll
0x763b0000 - 0x763f9000 	C:\WINDOWS\system32\comdlg32.dll
0x77f60000 - 0x77fd6000 	C:\WINDOWS\system32\SHLWAPI.dll
0x5d090000 - 0x5d12a000 	C:\WINDOWS\system32\COMCTL32.dll
0x7c9c0000 - 0x7d1d5000 	C:\WINDOWS\system32\SHELL32.dll
0x78590000 - 0x785aa000 	C:\Program Files\MATLAB\R2006b\bin\win32\mpath.dll
0x78500000 - 0x7854a000 	C:\Program Files\MATLAB\R2006b\bin\win32\libmx.dll
0x78430000 - 0x7843e000 	C:\Program Files\MATLAB\R2006b\bin\win32\libz.dll
0x00220000 - 0x0027f000 	C:\Program Files\MATLAB\R2006b\bin\win32\libmwmathutil.dll
0x5b860000 - 0x5b8b4000 	C:\WINDOWS\system32\NETAPI32.dll
0x71ab0000 - 0x71ac7000 	C:\WINDOWS\system32\WS2_32.dll
0x71aa0000 - 0x71aa8000 	C:\WINDOWS\system32\WS2HELP.dll
0x78550000 - 0x7855f000 	C:\Program Files\MATLAB\R2006b\bin\win32\libmex.dll
0x78580000 - 0x7858e000 	C:\Program Files\MATLAB\R2006b\bin\win32\mvalue.dll
0x786f0000 - 0x78751000 	C:\Program Files\MATLAB\R2006b\bin\win32\m_dispatcher.dll
0x78290000 - 0x78430000 	C:\Program Files\MATLAB\R2006b\bin\win32\xerces-c_2_6.dll
0x78dd0000 - 0x78de6000 	C:\Program Files\MATLAB\R2006b\bin\win32\datasvcs.dll
0x78560000 - 0x7857d000 	C:\Program Files\MATLAB\R2006b\bin\win32\libmat.dll
0x00280000 - 0x00347000 	C:\Program Files\MATLAB\R2006b\bin\win32\libhdf5.dll
0x79430000 - 0x7945c000 	C:\Program Files\MATLAB\R2006b\bin\win32\mcr.dll
0x79d00000 - 0x79d10000 	C:\Program Files\MATLAB\R2006b\bin\win32\mwoles05.dll
0x78760000 - 0x78b77000 	C:\Program Files\MATLAB\R2006b\bin\win32\m_interpreter.dll
0x78d70000 - 0x78d86000 	C:\Program Files\MATLAB\R2006b\bin\win32\m_pcodegen.dll
0x78d30000 - 0x78d64000 	C:\Program Files\MATLAB\R2006b\bin\win32\m_ir.dll
0x78d90000 - 0x78da4000 	C:\Program Files\MATLAB\R2006b\bin\win32\m_pcodeio.dll
0x78b80000 - 0x78d24000 	C:\Program Files\MATLAB\R2006b\bin\win32\m_parser.dll
0x78db0000 - 0x78dbd000 	C:\Program Files\MATLAB\R2006b\bin\win32\ir_xfmr.dll
0x785b0000 - 0x78660000 	C:\Program Files\MATLAB\R2006b\bin\win32\mcos.dll
0x00350000 - 0x0037d000 	C:\Program Files\MATLAB\R2006b\bin\win32\profiler.dll
0x79db0000 - 0x79dec000 	C:\Program Files\MATLAB\R2006b\bin\win32\comcli.dll
0x79d70000 - 0x79da3000 	C:\Program Files\MATLAB\R2006b\bin\win32\jmi.dll
0x79e40000 - 0x79e5e000 	C:\Program Files\MATLAB\R2006b\bin\win32\bridge.dll
0x78660000 - 0x786e4000 	C:\Program Files\MATLAB\R2006b\bin\win32\udd.dll
0x79100000 - 0x79179000 	C:\Program Files\MATLAB\R2006b\bin\win32\uiw.dll
0x791b0000 - 0x791b9000 	C:\Program Files\MATLAB\R2006b\bin\win32\uinone.dll
0x79400000 - 0x7942b000 	C:\Program Files\MATLAB\R2006b\bin\win32\libmwhardcopy.dll
0x791c0000 - 0x7926a000 	C:\Program Files\MATLAB\R2006b\bin\win32\libmwgui.dll
0x79180000 - 0x791a8000 	C:\Program Files\MATLAB\R2006b\bin\win32\libuij.dll
0x7c140000 - 0x7c243000 	C:\Program Files\MATLAB\R2006b\bin\win32\MFC71.DLL
0x73000000 - 0x73026000 	C:\WINDOWS\system32\WINSPOOL.DRV
0x7c120000 - 0x7c139000 	C:\Program Files\MATLAB\R2006b\bin\win32\ATL71.DLL
0x79df0000 - 0x79df9000 	C:\Program Files\MATLAB\R2006b\bin\win32\mlautoregister.dll
0x79d10000 - 0x79d65000 	C:\Program Files\MATLAB\R2006b\bin\win32\udd_mi.dll
0x79270000 - 0x793c9000 	C:\Program Files\MATLAB\R2006b\bin\win32\hg.dll
0x79460000 - 0x795e7000 	C:\Program Files\MATLAB\R2006b\bin\win32\numerics.dll
0x79bf0000 - 0x79bf7000 	C:\Program Files\MATLAB\R2006b\bin\win32\libmwamd.dll
0x79c00000 - 0x79c5a000 	C:\Program Files\MATLAB\R2006b\bin\win32\libmwcholmod.dll
0x79c60000 - 0x79c67000 	C:\Program Files\MATLAB\R2006b\bin\win32\libmwcolamd.dll
0x795f0000 - 0x79613000 	C:\Program Files\MATLAB\R2006b\bin\win32\libmwlapack.dll
0x79650000 - 0x796d6000 	C:\Program Files\MATLAB\R2006b\bin\win32\libfftw3.dll
0x796e0000 - 0x7975f000 	C:\Program Files\MATLAB\R2006b\bin\win32\libfftw3f.dll
0x79c70000 - 0x79cf4000 	C:\Program Files\MATLAB\R2006b\bin\win32\libmwumfpack.dll
0x773d0000 - 0x774d3000 	C:\WINDOWS\WinSxS\x86_Microsoft.Windows.Common-Controls_6595b64144ccf1df_6.0.2600.2982_x-ww_ac3f9c03\comctl32.dll
0x7c300000 - 0x7c30e000 	C:\Program Files\MATLAB\R2006b\bin\win32\MFC71ENU.DLL
0x79620000 - 0x79648000 	C:\Program Files\MATLAB\R2006b\bin\win32\mkl.dll
0x79760000 - 0x79be2000 	C:\Program Files\MATLAB\R2006b\bin\win32\lapack.dll
0x01f70000 - 0x0201a000 	C:\Program Files\MATLAB\R2006b\bin\win32\libifcoremd.dll
0x02020000 - 0x02250000 	C:\Program Files\MATLAB\R2006b\bin\win32\libmmd.dll
0x74290000 - 0x74294000 	C:\WINDOWS\system32\icmp.Dll
0x76d60000 - 0x76d79000 	C:\WINDOWS\system32\iphlpapi.dll
0x74720000 - 0x7476b000 	C:\WINDOWS\system32\MSCTF.dll
0x6d640000 - 0x6d7c5000 	C:\Program Files\MATLAB\R2006b\sys\java\jre\win32\jre1.5.0\bin\client\jvm.dll
0x76b40000 - 0x76b6d000 	C:\WINDOWS\system32\WINMM.dll
0x6d280000 - 0x6d288000 	C:\Program Files\MATLAB\R2006b\sys\java\jre\win32\jre1.5.0\bin\hpi.dll
0x76bf0000 - 0x76bfb000 	C:\WINDOWS\system32\PSAPI.DLL
0x6d610000 - 0x6d61c000 	C:\Program Files\MATLAB\R2006b\sys\java\jre\win32\jre1.5.0\bin\verify.dll
0x6d300000 - 0x6d31d000 	C:\Program Files\MATLAB\R2006b\sys\java\jre\win32\jre1.5.0\bin\java.dll
0x6d630000 - 0x6d63f000 	C:\Program Files\MATLAB\R2006b\sys\java\jre\win32\jre1.5.0\bin\zip.dll
0x6d000000 - 0x6d166000 	C:\Program Files\MATLAB\R2006b\sys\java\jre\win32\jre1.5.0\bin\awt.dll
0x76390000 - 0x763ad000 	C:\WINDOWS\system32\IMM32.dll
0x03560000 - 0x0356f000 	C:\Program Files\MATLAB\R2006b\bin\win32\nativejava.dll
0x0e0f0000 - 0x0e10d000 	C:\Program Files\MATLAB\R2006b\bin\win32\nativejmi.dll
0x0e190000 - 0x0e195000 	C:\Program Files\MATLAB\R2006b\bin\win32\nativeservices.dll
0x6d240000 - 0x6d27d000 	C:\Program Files\MATLAB\R2006b\sys\java\jre\win32\jre1.5.0\bin\fontmanager.dll
0x6d4c0000 - 0x6d4d3000 	C:\Program Files\MATLAB\R2006b\sys\java\jre\win32\jre1.5.0\bin\net.dll
0x71a50000 - 0x71a8f000 	C:\WINDOWS\system32\mswsock.dll
0x662b0000 - 0x66308000 	C:\WINDOWS\system32\hnetcfg.dll
0x58d40000 - 0x58d47000 	C:\WINDOWS\System32\wship6.dll
0x6d4e0000 - 0x6d4e9000 	C:\Program Files\MATLAB\R2006b\sys\java\jre\win32\jre1.5.0\bin\nio.dll
0x0ed10000 - 0x0ed1d000 	C:\Program Files\MATLAB\R2006b\bin\win32\nativemlint.dll
0x0ed20000 - 0x0ed4b000 	C:\Program Files\MATLAB\R2006b\bin\win32\mwmlint.dll
0x7ae80000 - 0x7ae89000 	C:\Program Files\MATLAB\R2006b\bin\win32\nativelex.dll
0x605d0000 - 0x605d9000 	C:\WINDOWS\system32\mslbui.dll
0x76840000 - 0x76873000 	C:\WINDOWS\System32\spool\DRIVERS\W32X86\3\UNIDRVUI.DLL
0x77fe0000 - 0x77ff1000 	C:\WINDOWS\system32\Secur32.dll
0x79000000 - 0x790f6000 	C:\Program Files\MATLAB\R2006b\bin\win32\libmwbuiltins.dll
0x77c00000 - 0x77c08000 	C:\WINDOWS\system32\VERSION.dll
0x0f890000 - 0x0f8e4000 	C:\Program Files\MATLAB\R2006b\bin\win32\xmlcore.dll
0x20000000 - 0x202c5000 	C:\WINDOWS\system32\xpsp2res.dll
0x77b40000 - 0x77b62000 	C:\WINDOWS\system32\appHelp.dll
0x76fd0000 - 0x7704f000 	C:\WINDOWS\system32\CLBCATQ.DLL
0x77050000 - 0x77115000 	C:\WINDOWS\system32\COMRes.dll
0x75f80000 - 0x7607d000 	C:\WINDOWS\System32\browseui.dll
0x77920000 - 0x77a13000 	C:\WINDOWS\system32\SETUPAPI.dll
0x76990000 - 0x769b5000 	C:\WINDOWS\system32\ntshrui.dll
0x76b20000 - 0x76b31000 	C:\WINDOWS\system32\ATL.DLL
0x769c0000 - 0x76a73000 	C:\WINDOWS\system32\USERENV.dll
0x5ad70000 - 0x5ada8000 	C:\WINDOWS\system32\UxTheme.dll
0x77760000 - 0x778cf000 	C:\WINDOWS\System32\shdocvw.dll
0x77a80000 - 0x77b14000 	C:\WINDOWS\system32\CRYPT32.dll
0x77b20000 - 0x77b32000 	C:\WINDOWS\system32\MSASN1.dll
0x754d0000 - 0x75550000 	C:\WINDOWS\system32\CRYPTUI.dll
0x76c30000 - 0x76c5e000 	C:\WINDOWS\system32\WINTRUST.dll
0x771b0000 - 0x77256000 	C:\WINDOWS\system32\WININET.dll
0x76f60000 - 0x76f8c000 	C:\WINDOWS\system32\WLDAP32.dll
0x71b20000 - 0x71b32000 	C:\WINDOWS\system32\MPR.dll
0x5f0e0000 - 0x5f106000 	C:\WINDOWS\System32\nwprovau.dll
0x75f60000 - 0x75f67000 	C:\WINDOWS\System32\drprov.dll
0x71c10000 - 0x71c1e000 	C:\WINDOWS\System32\ntlanman.dll
0x71cd0000 - 0x71ce7000 	C:\WINDOWS\System32\NETUI0.dll

VM Arguments:
jvm_args: -Xss512k -XX:PermSize=16M -Xms64m -XX:NewRatio=3 -XX:MaxPermSize=32M -Xmx96m -Dsun.java2d.noddraw=true -Dsun.awt.nopixfmt=true -Xshare:off -Djava.library.path=C:\Program Files\MATLAB\R2006b\bin\win32 vfprintf abort
java_command: <unknown>

Environment Variables:
PATH=C:\Program Files\MATLAB\R2006b\sys\java\jre\win32\jre1.5.0\bin;C:\Program Files\MATLAB\R2006b\sys\webrenderer\windows\corecomponents;C:\Program Files\MATLAB\R2006b\sys\webrenderer\windows;C:\WINDOWS\system32;C:\WINDOWS;C:\WINDOWS\system32\wbem;c:\program files\common files\adaptec shared\system;c:\program files\microsoft sql server\80\tools\binn\;C:\Program Files\MATLAB\R2006b\bin;C:\Program Files\MATLAB\R2006b\bin\win32;c:\program files\matlab\r2006a\bin\win32;c:\matlab7\bin\win32;c:\matlab6p5\bin\win32;c:\program files\uwick\ssh tectia\ssh tectia aux\;c:\program files\uwick\ssh tectia\ssh tectia broker\;c:\program files\uwick\ssh tectia\ssh tectia client\;c:\progra~1\common~1\odbc\filema~1;
USERNAME=Josh M
OS=Windows_NT
PROCESSOR_IDENTIFIER=x86 Family 15 Model 2 Stepping 9, GenuineIntel


---------------  S Y S T E M  ---------------

OS: Windows XP Build 2600 Service Pack 2

CPU:total 2 family 15, cmov, cx8, fxsr, mmx, sse, sse2, ht

Memory: 4k page, physical 3800044k(2903080k free), swap 4194303k(4194303k free)

vm_info: Java HotSpot(TM) Client VM (1.5.0-b64) for windows-x86, built on Sep 15 2004 03:00:31 by "java_re" with MS VC++ 6.0

