#
# A fatal error has been detected by the Java Runtime Environment:
#
#  EXCEPTION_ACCESS_VIOLATION (0xc0000005) at pc=0x000007fedd62adc4, pid=10468, tid=9392
#
# JRE version: 6.0_17-b04
# Java VM: Java HotSpot(TM) 64-Bit Server VM (14.3-b01 mixed mode windows-amd64 )
# Problematic frame:
# C  0x000007fedd62adc4
#
# If you would like to submit a bug report, please visit:
#   http://java.sun.com/webapps/bugreport/crash.jsp
# The crash happened outside the Java Virtual Machine in native code.
# See problematic frame for where to report the bug.
#

---------------  T H R E A D  ---------------

Current thread (0x0000000006d64800):  JavaThread "main" [_thread_in_native, id=9392, stack(0x00000000000b0000,0x00000000040b0000)]

siginfo: ExceptionCode=0xc0000005, reading address 0x0000000000002c58

Registers:
EAX=0x0000000000000000, EBX=0x0000000000000000, ECX=0x0000000000000000, EDX=0x00000000000024b0
ESP=0x00000000040a7910, EBP=0x0000000000000000, ESI=0x000007ffffd70000, EDI=0x000000005cab50e0
EIP=0x000007fedd62adc4, EFLAGS=0x0000000000010202

Top of Stack: (sp=0x00000000040a7910)
0x00000000040a7910:   0000000004220000 0000000000000001
0x00000000040a7920:   0000000000000000 000007fedd628c27
0x00000000040a7930:   000007fefd7eb8e0 0000000000000000
0x00000000040a7940:   0000000000000000 0000000077133bd7
0x00000000040a7950:   000000005cab50e0 000007fedd618c7f
0x00000000040a7960:   0000000000000000 0000000000000000
0x00000000040a7970:   000007ffffd70000 000007fedd5f0000
0x00000000040a7980:   0000000000000000 000007fedd61752d
0x00000000040a7990:   0000000000000000 000007fedd5f0000
0x00000000040a79a0:   0000000000000000 000007fefdb010c8
0x00000000040a79b0:   0000000000000001 000007fedd5fc1ef
0x00000000040a79c0:   0000000000000001 000007fedd5f0000
0x00000000040a79d0:   0000000000000000 000007fef8712ab2
0x00000000040a79e0:   0000000000000000 000007fedd5fc586
0x00000000040a79f0:   0000000000000000 000007fffffde000
0x00000000040a7a00:   0000000077242670 0000000077247be0 

Instructions: (pc=0x000007fedd62adc4)
0x000007fedd62adb4:   08 48 89 6c 24 10 48 89 74 24 18 57 48 83 ec 40
0x000007fedd62adc4:   48 8b b9 58 2c 00 00 48 8b d9 48 85 ff 74 20 48 


Stack: [0x00000000000b0000,0x00000000040b0000],  sp=0x00000000040a7910,  free space=65502k
Native frames: (J=compiled Java code, j=interpreted, Vv=VM code, C=native code)
C  0x000007fedd62adc4

[error occurred during error reporting (printing native stack), id 0xc0000005]

Java frames: (J=compiled Java code, j=interpreted, Vv=VM code)
j  com.mathworks.jmi.NativeMatlab.SendMatlabMessage(Ljava/lang/Object;)Ljava/lang/Object;+0
j  com.mathworks.jmi.NativeMatlab.sendMatlabMessage(Ljava/lang/Object;)Ljava/lang/Object;+22
j  com.mathworks.jmi.MatlabLooper.sendMatlabMessage(Lcom/mathworks/services/message/MWMessage;)Ljava/lang/Object;+20
j  com.mathworks.jmi.Matlab.mtFevalConsoleOutput(Ljava/lang/String;[Ljava/lang/Object;I)Ljava/lang/Object;+58
j  com.mathworks.mde.desk.MLDesktop$9.run()V+14
j  com.mathworks.jmi.NativeMatlab.dispatchMTRequests(Z)V+57
v  ~StubRoutines::call_stub

---------------  P R O C E S S  ---------------

Java Threads: ( => current thread )
  0x00000000596bd000 JavaThread "Explorer NavigationContext request queue" [_thread_blocked, id=9484, stack(0x00000000127c0000,0x0000000012840000)]
  0x000000007d2af000 JavaThread "Foxtrot Multi Worker Thread Runner #2" daemon [_thread_blocked, id=3852, stack(0x00000000147f0000,0x0000000014870000)]
  0x000000007d2a9800 JavaThread "AddressBar directory emptiness poller" [_thread_blocked, id=11092, stack(0x00000000126f0000,0x0000000012770000)]
  0x000000005ac9d000 JavaThread "Timer queue for AWT thread" daemon [_thread_blocked, id=9220, stack(0x0000000009a30000,0x0000000009ab0000)]
  0x00000000596b5800 JavaThread "Prefs Updater" daemon [_thread_blocked, id=1060, stack(0x0000000009d20000,0x0000000009da0000)]
  0x00000000596bc800 JavaThread "Foxtrot Single Worker Thread #1" daemon [_thread_blocked, id=4536, stack(0x0000000009c10000,0x0000000009c90000)]
  0x000000005ac93800 JavaThread "Active Reference Queue Daemon" daemon [_thread_blocked, id=404, stack(0x0000000070070000,0x00000000700f0000)]
  0x000000005ac93000 JavaThread "Timer-8" daemon [_thread_blocked, id=944, stack(0x000000006ff50000,0x000000006ffd0000)]
  0x000000005ac92000 JavaThread "Timer-7" daemon [_thread_blocked, id=11240, stack(0x0000000069250000,0x00000000692d0000)]
  0x00000000596bc000 JavaThread "AddressBar directory emptiness poller" [_thread_blocked, id=10432, stack(0x000000005b5b0000,0x000000005b630000)]
  0x00000000596ba800 JavaThread "Timer-1" [_thread_blocked, id=9756, stack(0x000000005cca0000,0x000000005cd20000)]
  0x00000000596b7800 JavaThread "TimerQueue" daemon [_thread_blocked, id=6564, stack(0x000000005b7f0000,0x000000005b870000)]
  0x00000000596b6800 JavaThread "AWT-EventQueue-0" [_thread_blocked, id=4164, stack(0x000000004d1b0000,0x000000004d230000)]
  0x00000000596b6000 JavaThread "com.google.common.base.internal.Finalizer" daemon [_thread_blocked, id=9356, stack(0x000000001d050000,0x000000001d0d0000)]
  0x00000000596b4800 JavaThread "AWT-Windows" daemon [_thread_in_native, id=4192, stack(0x000000005b410000,0x000000005b490000)]
  0x00000000596b4000 JavaThread "AWT-Shutdown" [_thread_blocked, id=2004, stack(0x000000005b2f0000,0x000000005b370000)]
  0x00000000596b3000 JavaThread "Java2D Disposer" daemon [_thread_blocked, id=2516, stack(0x0000000055400000,0x0000000055480000)]
  0x00000000596b1800 JavaThread "Timer-0" [_thread_blocked, id=4952, stack(0x0000000055380000,0x0000000055400000)]
  0x00000000596b1000 JavaThread "EventMgr Dispatcher" daemon [_thread_in_native, id=980, stack(0x0000000019050000,0x000000001d050000)]
  0x00000000596af800 JavaThread "Low Memory Detector" daemon [_thread_blocked, id=9488, stack(0x00000000512a0000,0x0000000051320000)]
  0x00000000596c5000 JavaThread "CompilerThread1" daemon [_thread_blocked, id=4792, stack(0x0000000088170000,0x000000008c170000)]
  0x00000000596bf000 JavaThread "CompilerThread0" daemon [_thread_blocked, id=8344, stack(0x0000000084030000,0x0000000088030000)]
  0x00000000596af000 JavaThread "Attach Listener" daemon [_thread_blocked, id=11088, stack(0x000000004d130000,0x000000004d1b0000)]
  0x0000000059656000 JavaThread "Finalizer" daemon [_thread_blocked, id=10804, stack(0x00000000251e0000,0x0000000025260000)]
  0x000000005964c000 JavaThread "Reference Handler" daemon [_thread_blocked, id=11040, stack(0x000000002d2e0000,0x000000002d360000)]
=>0x0000000006d64800 JavaThread "main" [_thread_in_native, id=9392, stack(0x00000000000b0000,0x00000000040b0000)]

Other Threads:
  0x0000000059646800 VMThread [stack: 0x0000000080000000,0x0000000084000000] [id=8668]
  0x00000000596f0800 WatcherThread [stack: 0x000000008c2c0000,0x00000000902c0000] [id=9772]

VM state:not at safepoint (normal execution)

VM Mutex/Monitor currently owned by a thread: None

Heap
 PSYoungGen      total 19840K, used 4259K [0x0000000045f40000, 0x00000000478b0000, 0x0000000049040000)
  eden space 17792K, 12% used [0x0000000045f40000,0x000000004616cc70,0x00000000470a0000)
  from space 2048K, 99% used [0x00000000470a0000,0x000000004729c330,0x00000000472a0000)
  to   space 4096K, 0% used [0x00000000474b0000,0x00000000474b0000,0x00000000478b0000)
 PSOldGen        total 150528K, used 142904K [0x000000003cc40000, 0x0000000045f40000, 0x0000000045f40000)
  object space 150528K, 94% used [0x000000003cc40000,0x00000000457ce108,0x0000000045f40000)
 PSPermGen       total 73408K, used 73065K [0x0000000034c40000, 0x00000000393f0000, 0x000000003cc40000)
  object space 73408K, 99% used [0x0000000034c40000,0x000000003939a5e8,0x00000000393f0000)

Dynamic libraries:
0x000000013f740000 - 0x000000013f772000 	C:\Program Files\MATLAB\R2012a\bin\win64\MATLAB.exe
0x0000000077110000 - 0x00000000772b9000 	C:\Windows\SYSTEM32\ntdll.dll
0x0000000076ff0000 - 0x000000007710f000 	C:\Windows\system32\kernel32.dll
0x000007fefd620000 - 0x000007fefd68b000 	C:\Windows\system32\KERNELBASE.dll
0x0000000074460000 - 0x0000000074554000 	C:\Program Files\MATLAB\R2012a\bin\win64\libut.dll
0x00000000758a0000 - 0x0000000075952000 	C:\Program Files\MATLAB\R2012a\bin\win64\libmwi18n.dll
0x0000000180000000 - 0x000000018000b000 	C:\Program Files\MATLAB\R2012a\bin\win64\libmwresource_core.dll
0x0000000070f00000 - 0x0000000070fd3000 	C:\Windows\WinSxS\amd64_microsoft.vc90.crt_1fc8b3b9a1e18e3b_9.0.30729.6161_none_08e61857a83bc251\MSVCP90.dll
0x0000000070cf0000 - 0x0000000070d93000 	C:\Windows\WinSxS\amd64_microsoft.vc90.crt_1fc8b3b9a1e18e3b_9.0.30729.6161_none_08e61857a83bc251\MSVCR90.dll
0x000000007a170000 - 0x000000007a19c000 	C:\Program Files\MATLAB\R2012a\bin\win64\boost_filesystem-vc90-mt-1_44.dll
0x000000007a560000 - 0x000000007a569000 	C:\Program Files\MATLAB\R2012a\bin\win64\boost_system-vc90-mt-1_44.dll
0x000007fefe1c0000 - 0x000007fefe29b000 	C:\Windows\system32\ADVAPI32.dll
0x000007fefdb00000 - 0x000007fefdb9f000 	C:\Windows\system32\msvcrt.dll
0x000007fefda40000 - 0x000007fefda5f000 	C:\Windows\SYSTEM32\sechost.dll
0x000007fefe090000 - 0x000007fefe1bd000 	C:\Windows\system32\RPCRT4.dll
0x000000007a010000 - 0x000000007a035000 	C:\Program Files\MATLAB\R2012a\bin\win64\LIBEXPAT.dll
0x0000000072f00000 - 0x00000000730f1000 	C:\Program Files\MATLAB\R2012a\bin\win64\icuin44.dll
0x0000000073950000 - 0x0000000073ac1000 	C:\Program Files\MATLAB\R2012a\bin\win64\icuuc44.dll
0x0000000010000000 - 0x0000000010e41000 	C:\Program Files\MATLAB\R2012a\bin\win64\icudt44.dll
0x0000000073f70000 - 0x00000000740ad000 	C:\Program Files\MATLAB\R2012a\bin\win64\libmwfl.dll
0x0000000004320000 - 0x0000000004616000 	C:\Program Files\MATLAB\R2012a\bin\win64\libmwMATLAB_res.dll
0x000000007a3b0000 - 0x000000007a3c0000 	C:\Program Files\MATLAB\R2012a\bin\win64\boost_date_time-vc90-mt-1_44.dll
0x000000007a250000 - 0x000000007a263000 	C:\Program Files\MATLAB\R2012a\bin\win64\boost_signals-vc90-mt-1_44.dll
0x000000007a2d0000 - 0x000000007a2e2000 	C:\Program Files\MATLAB\R2012a\bin\win64\boost_thread-vc90-mt-1_44.dll
0x00000000041a0000 - 0x00000000041e6000 	C:\Program Files\MATLAB\R2012a\bin\win64\tbb.dll
0x000007fefe2a0000 - 0x000007fefe2b9000 	C:\Windows\system32\imagehlp.dll
0x00000000772d0000 - 0x00000000772d7000 	C:\Windows\system32\PSAPI.DLL
0x0000000074680000 - 0x0000000074693000 	C:\Program Files\MATLAB\R2012a\bin\win64\icuio44.dll
0x000007fef66c0000 - 0x000007fef67e5000 	C:\Windows\system32\dbghelp.dll
0x0000000076b80000 - 0x0000000076c7a000 	C:\Windows\system32\USER32.dll
0x000007fefe430000 - 0x000007fefe497000 	C:\Windows\system32\GDI32.dll
0x000007fefe2c0000 - 0x000007fefe2ce000 	C:\Windows\system32\LPK.dll
0x000007fefd940000 - 0x000007fefda09000 	C:\Windows\system32\USP10.dll
0x000000007bed0000 - 0x000000007c183000 	C:\Program Files\MATLAB\R2012a\bin\win64\libmwservices.dll
0x0000000075a20000 - 0x0000000075ae2000 	C:\Program Files\MATLAB\R2012a\bin\win64\libmx.dll
0x000000007a210000 - 0x000000007a228000 	C:\Program Files\MATLAB\R2012a\bin\win64\zlib1.dll
0x0000000004640000 - 0x0000000004661000 	C:\Program Files\MATLAB\R2012a\bin\win64\libmwmfl_scalar.dll
0x0000000075f10000 - 0x0000000075f5d000 	C:\Program Files\MATLAB\R2012a\bin\win64\mpath.dll
0x000000007b680000 - 0x000000007bbe1000 	C:\Program Files\MATLAB\R2012a\bin\win64\mlutil.dll
0x00000000747f0000 - 0x000000007486f000 	C:\Program Files\MATLAB\R2012a\bin\win64\xmlcore.dll
0x000000007bc30000 - 0x000000007be83000 	C:\Program Files\MATLAB\R2012a\bin\win64\xerces-c_2_7.dll
0x000007fefde30000 - 0x000007fefde7d000 	C:\Windows\system32\WS2_32.dll
0x000007fefe4a0000 - 0x000007fefe4a8000 	C:\Windows\system32\NSI.dll
0x00000000046c0000 - 0x00000000046da000 	C:\Program Files\MATLAB\R2012a\bin\win64\libmwMATLAB_settings_res.dll
0x00000000046f0000 - 0x0000000004737000 	C:\Program Files\MATLAB\R2012a\bin\win64\boost_serialization-vc90-mt-1_44.dll
0x000007fefe690000 - 0x000007feff418000 	C:\Windows\system32\SHELL32.dll
0x000007fefe330000 - 0x000007fefe3a1000 	C:\Windows\system32\SHLWAPI.dll
0x000007fef9ad0000 - 0x000007fef9b70000 	C:\Windows\WinSxS\amd64_microsoft.windows.common-controls_6595b64144ccf1df_5.82.7601.17514_none_a4d6a923711520a9\COMCTL32.dll
0x000007fefda60000 - 0x000007fefdaf7000 	C:\Windows\system32\COMDLG32.dll
0x000007fefb1b0000 - 0x000007fefb1c6000 	C:\Windows\system32\NETAPI32.dll
0x000007fefb1a0000 - 0x000007fefb1ac000 	C:\Windows\system32\netutils.dll
0x000007fefd080000 - 0x000007fefd0a3000 	C:\Windows\system32\srvcli.dll
0x000007fefb180000 - 0x000007fefb195000 	C:\Windows\system32\wkscli.dll
0x000007fefde80000 - 0x000007fefe083000 	C:\Windows\system32\ole32.dll
0x000007fefdd50000 - 0x000007fefde27000 	C:\Windows\system32\OLEAUT32.dll
0x0000000074970000 - 0x0000000074b06000 	C:\Program Files\MATLAB\R2012a\bin\win64\mcr.dll
0x0000000075000000 - 0x000000007536b000 	C:\Program Files\MATLAB\R2012a\bin\win64\iqm.dll
0x0000000004770000 - 0x0000000004f91000 	C:\Program Files\MATLAB\R2012a\bin\win64\m_interpreter.dll
0x0000000079640000 - 0x0000000079665000 	C:\Program Files\MATLAB\R2012a\bin\win64\libmex.dll
0x0000000074d30000 - 0x0000000074de3000 	C:\Program Files\MATLAB\R2012a\bin\win64\m_dispatcher.dll
0x0000000074880000 - 0x000000007496d000 	C:\Program Files\MATLAB\R2012a\bin\win64\boost_regex-vc90-mt-1_44.dll
0x0000000074560000 - 0x00000000745e4000 	C:\Program Files\MATLAB\R2012a\bin\win64\profiler.dll
0x0000000004ff0000 - 0x0000000005245000 	C:\Program Files\MATLAB\R2012a\bin\win64\libmwmathutil.dll
0x0000000079f40000 - 0x0000000079f6d000 	C:\Program Files\MATLAB\R2012a\bin\win64\libmwmathrng.dll
0x0000000074c10000 - 0x0000000074ced000 	C:\Program Files\MATLAB\R2012a\bin\win64\libmwmathcore.dll
0x0000000076160000 - 0x00000000761cb000 	C:\Program Files\MATLAB\R2012a\bin\win64\libmwspmatrix.dll
0x0000000075ea0000 - 0x0000000075f02000 	C:\Program Files\MATLAB\R2012a\bin\win64\libmwcholmod.dll
0x000000007a460000 - 0x000000007a46d000 	C:\Program Files\MATLAB\R2012a\bin\win64\libmwamd.dll
0x000000007a4b0000 - 0x000000007a4bc000 	C:\Program Files\MATLAB\R2012a\bin\win64\libmwcolamd.dll
0x00000000746a0000 - 0x00000000746b9000 	C:\Program Files\MATLAB\R2012a\bin\win64\libmwblas.dll
0x0000000079b60000 - 0x0000000079b72000 	C:\Program Files\MATLAB\R2012a\bin\win64\libmwbinder.dll
0x0000000071200000 - 0x000000007120b000 	C:\Program Files\MATLAB\R2012a\bin\win64\libmwompwrapper.dll
0x00000000052f0000 - 0x0000000005376000 	C:\Program Files\MATLAB\R2012a\bin\win64\libmwlapack.dll
0x0000000079e40000 - 0x0000000079e61000 	C:\Program Files\MATLAB\R2012a\bin\win64\m_pcodeio.dll
0x00000000053a0000 - 0x0000000005407000 	C:\Program Files\MATLAB\R2012a\bin\win64\m_ir.dll
0x00000000782a0000 - 0x00000000788f0000 	C:\Program Files\MATLAB\R2012a\bin\win64\m_parser.dll
0x0000000079b40000 - 0x0000000079b5a000 	C:\Program Files\MATLAB\R2012a\bin\win64\ir_xfmr.dll
0x000000007ae80000 - 0x000000007b0f9000 	C:\Program Files\MATLAB\R2012a\bin\win64\mcos.dll
0x0000000079730000 - 0x000000007973c000 	C:\Program Files\MATLAB\R2012a\bin\win64\mtok.dll
0x000000007a090000 - 0x000000007a0c1000 	C:\Program Files\MATLAB\R2012a\bin\win64\m_pcodegen.dll
0x0000000079fb0000 - 0x0000000079fe7000 	C:\Program Files\MATLAB\R2012a\bin\win64\libmwbridge.dll
0x0000000005480000 - 0x0000000005548000 	C:\Program Files\MATLAB\R2012a\bin\win64\udd.dll
0x00000000734e0000 - 0x0000000073632000 	C:\Program Files\MATLAB\R2012a\bin\win64\libmwgui.dll
0x0000000079ba0000 - 0x0000000079bb7000 	C:\Program Files\MATLAB\R2012a\bin\win64\graphics_util.dll
0x0000000005580000 - 0x0000000005f23000 	C:\Program Files\MATLAB\R2012a\bin\win64\hg.dll
0x0000000005f40000 - 0x0000000005fa7000 	C:\Program Files\MATLAB\R2012a\bin\win64\libmat.dll
0x0000000005fc0000 - 0x00000000061d4000 	C:\Program Files\MATLAB\R2012a\bin\win64\hdf5dll.dll
0x0000000075710000 - 0x00000000757c1000 	C:\Program Files\MATLAB\R2012a\bin\win64\jmi.dll
0x0000000006200000 - 0x000000000620e000 	C:\Program Files\MATLAB\R2012a\bin\win64\nativejava_services.dll
0x0000000075400000 - 0x0000000075442000 	C:\Program Files\MATLAB\R2012a\bin\win64\libmwhardcopy.dll
0x0000000006230000 - 0x000000000628a000 	C:\Program Files\MATLAB\R2012a\bin\win64\libuij.dll
0x00000000062a0000 - 0x00000000064ac000 	C:\Program Files\MATLAB\R2012a\bin\win64\hgdatatypes.dll
0x00000000064c0000 - 0x00000000065bd000 	C:\Program Files\MATLAB\R2012a\bin\win64\hgutils.dll
0x00000000065d0000 - 0x000000000668d000 	C:\Program Files\MATLAB\R2012a\bin\win64\udd_mi.dll
0x00000000066a0000 - 0x00000000066db000 	C:\Program Files\MATLAB\R2012a\bin\win64\libmwgbtutils.dll
0x00000000066f0000 - 0x0000000006709000 	C:\Program Files\MATLAB\R2012a\bin\win64\libmwgbt.dll
0x0000000006720000 - 0x00000000069ea000 	C:\Program Files\MATLAB\R2012a\bin\win64\uiw.dll
0x0000000079970000 - 0x000000007997f000 	C:\Program Files\MATLAB\R2012a\bin\win64\uinone.dll
0x000007fef5e50000 - 0x000007fef5e68000 	C:\Windows\system32\MPR.dll
0x00000000777e0000 - 0x0000000077cc4000 	C:\Windows\WinSxS\amd64_microsoft.vc90.mfc_1fc8b3b9a1e18e3b_9.0.30729.6161_none_044aad0bab1eb146\mfc90.dll
0x000007fef9ac0000 - 0x000007fef9ac7000 	C:\Windows\system32\MSIMG32.dll
0x000007fef9480000 - 0x000007fef94f1000 	C:\Windows\system32\WINSPOOL.DRV
0x0000000006a10000 - 0x0000000006a30000 	C:\Program Files\MATLAB\R2012a\bin\win64\mwoles05.DLL
0x0000000006a40000 - 0x0000000006abc000 	C:\Program Files\MATLAB\R2012a\bin\win64\comcli.dll
0x0000000071a50000 - 0x0000000071a7f000 	C:\Windows\WinSxS\amd64_microsoft.vc90.atl_1fc8b3b9a1e18e3b_9.0.30729.6161_none_0a1fd3a3a768b895\ATL90.DLL
0x000000007a3d0000 - 0x000000007a3dc000 	C:\Program Files\MATLAB\R2012a\bin\win64\mlautoregister.dll
0x0000000006ae0000 - 0x0000000006af0000 	C:\Program Files\MATLAB\R2012a\bin\win64\boost_iostreams-vc90-mt-1_44.dll
0x000007fefda10000 - 0x000007fefda3e000 	C:\Windows\system32\IMM32.DLL
0x000007fefdc40000 - 0x000007fefdd49000 	C:\Windows\system32\MSCTF.dll
0x000007fefbd50000 - 0x000007fefbda6000 	C:\Windows\system32\UxTheme.dll
0x000007fefb8f0000 - 0x000007fefb908000 	C:\Windows\system32\dwmapi.dll
0x000000005d000000 - 0x000000005d00d000 	C:\Windows\WinSxS\amd64_microsoft.vc90.mfcloc_1fc8b3b9a1e18e3b_9.0.30729.6161_none_01c9581e60cbee58\MFC90ENU.DLL
0x0000000006df0000 - 0x0000000006e19000 	C:\Program Files\MATLAB\R2012a\bin\win64\tbbmalloc.dll
0x000007fefd570000 - 0x000007fefd57f000 	C:\Windows\system32\profapi.dll
0x000007fef8760000 - 0x000007fef876f000 	C:\Program Files\MATLAB\R2012a\bin\win64\xmlxrcsc.dll
0x000007fefd460000 - 0x000007fefd46f000 	C:\Windows\system32\CRYPTBASE.dll
0x000007fefbf30000 - 0x000007fefc124000 	C:\Windows\WinSxS\amd64_microsoft.windows.common-controls_6595b64144ccf1df_6.0.7601.17514_none_fa396087175ac9ac\comctl32.dll
0x000007fefe4b0000 - 0x000007fefe687000 	C:\Windows\system32\SETUPAPI.dll
0x000007fefd6b0000 - 0x000007fefd6e6000 	C:\Windows\system32\CFGMGR32.dll
0x000007fefd690000 - 0x000007fefd6aa000 	C:\Windows\system32\DEVOBJ.dll
0x000007fefdba0000 - 0x000007fefdc39000 	C:\Windows\system32\CLBCatQ.DLL
0x000007fefbdb0000 - 0x000007fefbedc000 	C:\Windows\system32\propsys.dll
0x000007fefc420000 - 0x000007fefc44d000 	C:\Windows\system32\ntmarta.dll
0x000007fefe2d0000 - 0x000007fefe322000 	C:\Windows\system32\WLDAP32.dll
0x000000000e6a0000 - 0x000000000ecfd000 	C:\Program Files\MATLAB\R2012a\sys\java\jre\win64\jre\bin\server\jvm.dll
0x000007fefafb0000 - 0x000007fefafeb000 	C:\Windows\system32\WINMM.dll
0x000007fefa840000 - 0x000007fefa867000 	C:\Windows\system32\iphlpapi.dll
0x000007fefa830000 - 0x000007fefa83b000 	C:\Windows\system32\WINNSI.DLL

VM Arguments:
jvm_args: -Xss512k -XX:PermSize=32m -Xms64m -XX:NewRatio=3 -XX:MaxPermSize=128m -Xmx196m -XX:MaxDirectMemorySize=2147400000 -Dsun.java2d.noddraw=true -Dsun.awt.nopixfmt=true -Xshare:off -Xrs -Dsun.awt.disableMixing=true -Djava.library.path=C:\Program Files\MATLAB\R2012a\bin\win64 vfprintf abort 
java_command: <unknown>
Launcher Type: generic

Environment Variables:
CLASSPATH=.;C:\Program Files (x86)\Java\jre7\lib\ext\QTJava.zip
PATH=c:\Program Files (x86)\AMD APP\bin\x86_64;c:\Program Files (x86)\AMD APP\bin\x86;c:\Program Files (x86)\Intel\iCLS Client\;c:\Program Files\Intel\iCLS Client\;C:\Windows\system32;C:\Windows;C:\Windows\System32\Wbem;C:\Windows\System32\WindowsPowerShell\v1.0\;C:\Program Files\Intel\Intel(R) Management Engine Components\DAL;C:\Program Files\Intel\Intel(R) Management Engine Components\IPT;C:\Program Files (x86)\Intel\Intel(R) Management Engine Components\DAL;C:\Program Files (x86)\Intel\Intel(R) Management Engine Components\IPT;c:\Program Files (x86)\ATI Technologies\ATI.ACE\Core-Static;C:\Program Files\MATLAB\R2012a\runtime\win64;C:\Program Files\MATLAB\R2012a\bin;C:\Program Files\Intel\WiFi\bin\;C:\Program Files\Common Files\Intel\WirelessCommon\;C:\Program Files (x86)\QuickTime\QTSystem\;C:\Program Files\Intel\WiFi\bin\;C:\Program Files\Common Files\Intel\WirelessCommon\
USERNAME=joshm
OS=Windows_NT
PROCESSOR_IDENTIFIER=Intel64 Family 6 Model 58 Stepping 9, GenuineIntel



---------------  S Y S T E M  ---------------

OS: Windows 7 Build 7601 Service Pack 1

CPU:total 8 (8 cores per cpu, 2 threads per core) family 6 model 58 stepping 9, cmov, cx8, fxsr, mmx, sse, sse2, sse3, ssse3, sse4.1, sse4.2, ht

Memory: 4k page, physical 33433916k(29037748k free), swap 84632056k(76587488k free)

vm_info: Java HotSpot(TM) 64-Bit Server VM (14.3-b01) for windows-amd64 JRE (1.6.0_17-b04), built on Oct 11 2009 00:46:08 by "java_re" with MS VC++ 8.0

time: Tue Jun 25 13:55:31 2013
elapsed time: 78305 seconds

